[    1361ms] [WARNING] "shadow*" style props are deprecated. Use "boxShadow". @ http://localhost:8081/node_modules/expo-router/entry.bundle?platform=web&dev=true&hot=false&lazy=true&transform.routerRoot=app:5609
[    1377ms] [WARNING] props.pointerEvents is deprecated. Use style.pointerEvents @ http://localhost:8081/node_modules/expo-router/entry.bundle?platform=web&dev=true&hot=false&lazy=true&transform.routerRoot=app:5609
[    7771ms] [ERROR] Unexpected text node: . A text node cannot be a child of a <View>. @ http://localhost:8081/node_modules/expo-router/entry.bundle?platform=web&dev=true&hot=false&lazy=true&transform.routerRoot=app:478280
[    7772ms] [ERROR] Unexpected text node: . A text node cannot be a child of a <View>. @ http://localhost:8081/node_modules/expo-router/entry.bundle?platform=web&dev=true&hot=false&lazy=true&transform.routerRoot=app:478280
[    7773ms] [ERROR] Unexpected text node: . A text node cannot be a child of a <View>. @ http://localhost:8081/node_modules/expo-router/entry.bundle?platform=web&dev=true&hot=false&lazy=true&transform.routerRoot=app:478280
[    7780ms] [WARNING] [react-native-gesture-handler] None of the callbacks in the gesture are worklets. If you wish to run them on the JS thread use '.runOnJS(true)' modifier on the gesture to make this explicit. Otherwise, mark the callbacks as 'worklet' to run them on the UI thread. @ http://localhost:8081/node_modules/expo-router/entry.bundle?platform=web&dev=true&hot=false&lazy=true&transform.routerRoot=app:469154
[    7794ms] [WARNING] [react-native-gesture-handler] None of the callbacks in the gesture are worklets. If you wish to run them on the JS thread use '.runOnJS(true)' modifier on the gesture to make this explicit. Otherwise, mark the callbacks as 'worklet' to run them on the UI thread. @ http://localhost:8081/node_modules/expo-router/entry.bundle?platform=web&dev=true&hot=false&lazy=true&transform.routerRoot=app:469154
[    7876ms] [WARNING] [react-native-gesture-handler] None of the callbacks in the gesture are worklets. If you wish to run them on the JS thread use '.runOnJS(true)' modifier on the gesture to make this explicit. Otherwise, mark the callbacks as 'worklet' to run them on the UI thread. @ http://localhost:8081/node_modules/expo-router/entry.bundle?platform=web&dev=true&hot=false&lazy=true&transform.routerRoot=app:469154
[   17814ms] [ERROR] Unexpected text node: . A text node cannot be a child of a <View>. @ http://localhost:8081/node_modules/expo-router/entry.bundle?platform=web&dev=true&hot=false&lazy=true&transform.routerRoot=app:478280
[   17815ms] [ERROR] Unexpected text node: . A text node cannot be a child of a <View>. @ http://localhost:8081/node_modules/expo-router/entry.bundle?platform=web&dev=true&hot=false&lazy=true&transform.routerRoot=app:478280
[   17816ms] [ERROR] Unexpected text node: . A text node cannot be a child of a <View>. @ http://localhost:8081/node_modules/expo-router/entry.bundle?platform=web&dev=true&hot=false&lazy=true&transform.routerRoot=app:478280
[   27270ms] [ERROR] Unexpected text node: . A text node cannot be a child of a <View>. @ http://localhost:8081/node_modules/expo-router/entry.bundle?platform=web&dev=true&hot=false&lazy=true&transform.routerRoot=app:478280
[   27271ms] [ERROR] Unexpected text node: . A text node cannot be a child of a <View>. @ http://localhost:8081/node_modules/expo-router/entry.bundle?platform=web&dev=true&hot=false&lazy=true&transform.routerRoot=app:478280
[   27272ms] [ERROR] Unexpected text node: . A text node cannot be a child of a <View>. @ http://localhost:8081/node_modules/expo-router/entry.bundle?platform=web&dev=true&hot=false&lazy=true&transform.routerRoot=app:478280
[   49826ms] [ERROR] Unexpected text node: . A text node cannot be a child of a <View>. @ http://localhost:8081/node_modules/expo-router/entry.bundle?platform=web&dev=true&hot=false&lazy=true&transform.routerRoot=app:478280
[   49827ms] [ERROR] Unexpected text node: . A text node cannot be a child of a <View>. @ http://localhost:8081/node_modules/expo-router/entry.bundle?platform=web&dev=true&hot=false&lazy=true&transform.routerRoot=app:478280
[   49827ms] [ERROR] Unexpected text node: . A text node cannot be a child of a <View>. @ http://localhost:8081/node_modules/expo-router/entry.bundle?platform=web&dev=true&hot=false&lazy=true&transform.routerRoot=app:478280
[   55261ms] [ERROR] Unexpected text node: . A text node cannot be a child of a <View>. @ http://localhost:8081/node_modules/expo-router/entry.bundle?platform=web&dev=true&hot=false&lazy=true&transform.routerRoot=app:478280
[   55262ms] [ERROR] Unexpected text node: . A text node cannot be a child of a <View>. @ http://localhost:8081/node_modules/expo-router/entry.bundle?platform=web&dev=true&hot=false&lazy=true&transform.routerRoot=app:478280
[   55262ms] [ERROR] Unexpected text node: . A text node cannot be a child of a <View>. @ http://localhost:8081/node_modules/expo-router/entry.bundle?platform=web&dev=true&hot=false&lazy=true&transform.routerRoot=app:478280
[   61205ms] [ERROR] Unexpected text node: . A text node cannot be a child of a <View>. @ http://localhost:8081/node_modules/expo-router/entry.bundle?platform=web&dev=true&hot=false&lazy=true&transform.routerRoot=app:478280
[   61206ms] [ERROR] Unexpected text node: . A text node cannot be a child of a <View>. @ http://localhost:8081/node_modules/expo-router/entry.bundle?platform=web&dev=true&hot=false&lazy=true&transform.routerRoot=app:478280
[   61206ms] [ERROR] Unexpected text node: . A text node cannot be a child of a <View>. @ http://localhost:8081/node_modules/expo-router/entry.bundle?platform=web&dev=true&hot=false&lazy=true&transform.routerRoot=app:478280
[ 1641371ms] [WARNING] Disconnected from Metro (1006)
To reconnect:
- Ensure that Metro is running and available on the same network
- Reload this app (will trigger further help if Metro cannot be connected to) @ http://localhost:8081/node_modules/expo-router/entry.bundle?platform=web&dev=true&hot=false&lazy=true&transform.routerRoot=app:60854
